C:\DEV\CPP_ALL\REPO\POCO-1.4.6P1-ALL\DATA\ODBC\OBJ64\RELEASE_STATIC_MT\UTILITY.OBJ
C:\DEV\CPP_ALL\REPO\POCO-1.4.6P1-ALL\DATA\ODBC\OBJ64\RELEASE_STATIC_MT\SESSIONIMPL.OBJ
C:\DEV\CPP_ALL\REPO\POCO-1.4.6P1-ALL\DATA\ODBC\OBJ64\RELEASE_STATIC_MT\PREPARATION.OBJ
C:\DEV\CPP_ALL\REPO\POCO-1.4.6P1-ALL\DATA\ODBC\OBJ64\RELEASE_STATIC_MT\PARAMETER.OBJ
C:\DEV\CPP_ALL\REPO\POCO-1.4.6P1-ALL\DATA\ODBC\OBJ64\RELEASE_STATIC_MT\ODBCSTATEMENTIMPL.OBJ
C:\DEV\CPP_ALL\REPO\POCO-1.4.6P1-ALL\DATA\ODBC\OBJ64\RELEASE_STATIC_MT\ODBCEXCEPTION.OBJ
C:\DEV\CPP_ALL\REPO\POCO-1.4.6P1-ALL\DATA\ODBC\OBJ64\RELEASE_STATIC_MT\ODBCCOLUMN.OBJ
C:\DEV\CPP_ALL\REPO\POCO-1.4.6P1-ALL\DATA\ODBC\OBJ64\RELEASE_STATIC_MT\EXTRACTOR.OBJ
C:\DEV\CPP_ALL\REPO\POCO-1.4.6P1-ALL\DATA\ODBC\OBJ64\RELEASE_STATIC_MT\ENVIRONMENTHANDLE.OBJ
C:\DEV\CPP_ALL\REPO\POCO-1.4.6P1-ALL\DATA\ODBC\OBJ64\RELEASE_STATIC_MT\DATATYPES.OBJ
C:\DEV\CPP_ALL\REPO\POCO-1.4.6P1-ALL\DATA\ODBC\OBJ64\RELEASE_STATIC_MT\CONNECTOR.OBJ
C:\DEV\CPP_ALL\REPO\POCO-1.4.6P1-ALL\DATA\ODBC\OBJ64\RELEASE_STATIC_MT\CONNECTIONHANDLE.OBJ
C:\DEV\CPP_ALL\REPO\POCO-1.4.6P1-ALL\DATA\ODBC\OBJ64\RELEASE_STATIC_MT\BINDER.OBJ
C:\DEV\CPP_ALL\REPO\POCO-1.4.6P1-ALL\LIB64\POCODATAODBCMT.LIB
C:\dev\cpp_all\repo\poco-1.4.6p1-all_out\Data\ODBC\obj64\release_static_mt\Binder.obj
C:\dev\cpp_all\repo\poco-1.4.6p1-all_out\Data\ODBC\obj64\release_static_mt\ConnectionHandle.obj
C:\dev\cpp_all\repo\poco-1.4.6p1-all_out\Data\ODBC\obj64\release_static_mt\Connector.obj
C:\dev\cpp_all\repo\poco-1.4.6p1-all_out\Data\ODBC\obj64\release_static_mt\DataTypes.obj
C:\dev\cpp_all\repo\poco-1.4.6p1-all_out\Data\ODBC\obj64\release_static_mt\EnvironmentHandle.obj
C:\dev\cpp_all\repo\poco-1.4.6p1-all_out\Data\ODBC\obj64\release_static_mt\Extractor.obj
C:\dev\cpp_all\repo\poco-1.4.6p1-all_out\Data\ODBC\obj64\release_static_mt\ODBCColumn.obj
C:\dev\cpp_all\repo\poco-1.4.6p1-all_out\Data\ODBC\obj64\release_static_mt\ODBCException.obj
C:\dev\cpp_all\repo\poco-1.4.6p1-all_out\Data\ODBC\obj64\release_static_mt\ODBCStatementImpl.obj
C:\dev\cpp_all\repo\poco-1.4.6p1-all_out\Data\ODBC\obj64\release_static_mt\Parameter.obj
C:\dev\cpp_all\repo\poco-1.4.6p1-all_out\Data\ODBC\obj64\release_static_mt\Preparation.obj
C:\dev\cpp_all\repo\poco-1.4.6p1-all_out\Data\ODBC\obj64\release_static_mt\SessionImpl.obj
C:\dev\cpp_all\repo\poco-1.4.6p1-all_out\Data\ODBC\obj64\release_static_mt\Utility.obj
C:\dev\cpp_all\repo\poco-1.4.6p1-all_out\Data\ODBC\obj64\release_static_mt\cl.command.1.tlog
C:\dev\cpp_all\repo\poco-1.4.6p1-all_out\Data\ODBC\obj64\release_static_mt\CL.read.1.tlog
C:\dev\cpp_all\repo\poco-1.4.6p1-all_out\Data\ODBC\obj64\release_static_mt\CL.write.1.tlog
C:\dev\cpp_all\repo\poco-1.4.6p1-all_out\Data\ODBC\obj64\release_static_mt\Lib-link.read.1.tlog
C:\dev\cpp_all\repo\poco-1.4.6p1-all_out\Data\ODBC\obj64\release_static_mt\Lib-link.write.1.tlog
C:\dev\cpp_all\repo\poco-1.4.6p1-all_out\Data\ODBC\obj64\release_static_mt\lib.command.1.tlog
