C:\DEV\CPP_ALL\REPO\POCO-1.4.6P1-ALL\CPPUNIT\OBJ64\DEBUG_STATIC_MD\TEXTTESTRESULT.OBJ
C:\DEV\CPP_ALL\REPO\POCO-1.4.6P1-ALL\CPPUNIT\OBJ64\DEBUG_STATIC_MD\TESTSUITE.OBJ
C:\DEV\CPP_ALL\REPO\POCO-1.4.6P1-ALL\CPPUNIT\OBJ64\DEBUG_STATIC_MD\TESTRUNNER.OBJ
C:\DEV\CPP_ALL\REPO\POCO-1.4.6P1-ALL\CPPUNIT\OBJ64\DEBUG_STATIC_MD\TESTRESULT.OBJ
C:\DEV\CPP_ALL\REPO\POCO-1.4.6P1-ALL\CPPUNIT\OBJ64\DEBUG_STATIC_MD\TESTFAILURE.OBJ
C:\DEV\CPP_ALL\REPO\POCO-1.4.6P1-ALL\CPPUNIT\OBJ64\DEBUG_STATIC_MD\TESTDECORATOR.OBJ
C:\DEV\CPP_ALL\REPO\POCO-1.4.6P1-ALL\CPPUNIT\OBJ64\DEBUG_STATIC_MD\TESTCASE.OBJ
C:\DEV\CPP_ALL\REPO\POCO-1.4.6P1-ALL\CPPUNIT\OBJ64\DEBUG_STATIC_MD\CPPUNITEXCEPTION.OBJ
C:\DEV\CPP_ALL\REPO\POCO-1.4.6P1-ALL\LIB64\CPPUNITMDD.PDB
C:\dev\cpp_all\repo\poco-1.4.6p1-all\CppUnit\obj64\debug_static_md\CppUnitException.obj
C:\dev\cpp_all\repo\poco-1.4.6p1-all\CppUnit\obj64\debug_static_md\TestCase.obj
C:\dev\cpp_all\repo\poco-1.4.6p1-all\CppUnit\obj64\debug_static_md\TestDecorator.obj
C:\dev\cpp_all\repo\poco-1.4.6p1-all\CppUnit\obj64\debug_static_md\TestFailure.obj
C:\dev\cpp_all\repo\poco-1.4.6p1-all\CppUnit\obj64\debug_static_md\TestResult.obj
C:\dev\cpp_all\repo\poco-1.4.6p1-all\CppUnit\obj64\debug_static_md\TestRunner.obj
C:\dev\cpp_all\repo\poco-1.4.6p1-all\CppUnit\obj64\debug_static_md\TestSuite.obj
C:\dev\cpp_all\repo\poco-1.4.6p1-all\CppUnit\obj64\debug_static_md\TextTestResult.obj
C:\dev\cpp_all\repo\poco-1.4.6p1-all\CppUnit\obj64\debug_static_md\cl.command.1.tlog
C:\dev\cpp_all\repo\poco-1.4.6p1-all\CppUnit\obj64\debug_static_md\CL.read.1.tlog
C:\dev\cpp_all\repo\poco-1.4.6p1-all\CppUnit\obj64\debug_static_md\CL.write.1.tlog
C:\dev\cpp_all\repo\poco-1.4.6p1-all\CppUnit\obj64\debug_static_md\Lib-link.read.1.tlog
C:\dev\cpp_all\repo\poco-1.4.6p1-all\CppUnit\obj64\debug_static_md\Lib-link.write.1.tlog
C:\dev\cpp_all\repo\poco-1.4.6p1-all\CppUnit\obj64\debug_static_md\lib.command.1.tlog
