C:\DEV\CPP_ALL\REPO\POCO-1.4.6P1-ALL_OUT\CPPUNIT\OBJ64\RELEASE_STATIC_MT\TEXTTESTRESULT.OBJ
C:\DEV\CPP_ALL\REPO\POCO-1.4.6P1-ALL_OUT\CPPUNIT\OBJ64\RELEASE_STATIC_MT\TESTSUITE.OBJ
C:\DEV\CPP_ALL\REPO\POCO-1.4.6P1-ALL_OUT\CPPUNIT\OBJ64\RELEASE_STATIC_MT\TESTRUNNER.OBJ
C:\DEV\CPP_ALL\REPO\POCO-1.4.6P1-ALL_OUT\CPPUNIT\OBJ64\RELEASE_STATIC_MT\TESTRESULT.OBJ
C:\DEV\CPP_ALL\REPO\POCO-1.4.6P1-ALL_OUT\CPPUNIT\OBJ64\RELEASE_STATIC_MT\TESTFAILURE.OBJ
C:\DEV\CPP_ALL\REPO\POCO-1.4.6P1-ALL_OUT\CPPUNIT\OBJ64\RELEASE_STATIC_MT\TESTDECORATOR.OBJ
C:\DEV\CPP_ALL\REPO\POCO-1.4.6P1-ALL_OUT\CPPUNIT\OBJ64\RELEASE_STATIC_MT\TESTCASE.OBJ
C:\DEV\CPP_ALL\REPO\POCO-1.4.6P1-ALL_OUT\CPPUNIT\OBJ64\RELEASE_STATIC_MT\CPPUNITEXCEPTION.OBJ
C:\DEV\CPP_ALL\REPO\POCO-1.4.6P1-ALL_OUT\CPPUNIT\OBJ64\RELEASE_STATIC_MT\VC70.PDB
C:\DEV\CPP_ALL\REPO\POCO-1.4.6P1-ALL_OUT\LIB64\CPPUNITMT.LIB
C:\dev\cpp_all\repo\poco-1.4.6p1-all\CppUnit\obj64\release_static_mt\CppUnitException.obj
C:\dev\cpp_all\repo\poco-1.4.6p1-all\CppUnit\obj64\release_static_mt\TestCase.obj
C:\dev\cpp_all\repo\poco-1.4.6p1-all\CppUnit\obj64\release_static_mt\TestDecorator.obj
C:\dev\cpp_all\repo\poco-1.4.6p1-all\CppUnit\obj64\release_static_mt\TestFailure.obj
C:\dev\cpp_all\repo\poco-1.4.6p1-all\CppUnit\obj64\release_static_mt\TestResult.obj
C:\dev\cpp_all\repo\poco-1.4.6p1-all\CppUnit\obj64\release_static_mt\TestRunner.obj
C:\dev\cpp_all\repo\poco-1.4.6p1-all\CppUnit\obj64\release_static_mt\TestSuite.obj
C:\dev\cpp_all\repo\poco-1.4.6p1-all\CppUnit\obj64\release_static_mt\TextTestResult.obj
C:\dev\cpp_all\repo\poco-1.4.6p1-all\CppUnit\obj64\release_static_mt\cl.command.1.tlog
C:\dev\cpp_all\repo\poco-1.4.6p1-all\CppUnit\obj64\release_static_mt\CL.read.1.tlog
C:\dev\cpp_all\repo\poco-1.4.6p1-all\CppUnit\obj64\release_static_mt\CL.write.1.tlog
C:\dev\cpp_all\repo\poco-1.4.6p1-all\CppUnit\obj64\release_static_mt\Lib-link.read.1.tlog
C:\dev\cpp_all\repo\poco-1.4.6p1-all\CppUnit\obj64\release_static_mt\Lib-link.write.1.tlog
C:\dev\cpp_all\repo\poco-1.4.6p1-all\CppUnit\obj64\release_static_mt\lib.command.1.tlog
C:\dev\cpp_all\repo\poco-1.4.6p1-all\CppUnit\obj64\release_static_mt\vc70.pdb
